[1114/170408.839:WARNING:spdy_session.cc(3391)] Received HEADERS for invalid stream 10
[1114/170409.058:INFO:CONSOLE(10)] "window.feds.utilities.imslib is not available", source: https://www.adobe.com/etc.titan.dexterlibs/dexter/clientlibs/base/head.fp-aea93f05b6b1d58ec00832abc552ee87.js (10)
[1114/170410.585:INFO:CONSOLE(19)] "🚀 container.buildInfo.environment is deprecated.Please use `container.environment.stage` instead", source: https://assets.adobedtm.com/launch-EN919758db9a654a17bac7d184b99c4820.min.js (19)
[1114/170415.185:INFO:CONSOLE(1)] "Warning: fragment with name CartItems already exists.
graphql-tag enforces all fragment names across your application to be unique; read more about
this in the docs: http://dev.apollodata.com/core/fragments.html#unique-names", source: https://commerce.adobe.com/store/_next/static/chunks/3022-1c893ac64c3c100c29fe.js (1)
[1114/170415.185:INFO:CONSOLE(1)] "Warning: fragment with name CartPrice already exists.
graphql-tag enforces all fragment names across your application to be unique; read more about
this in the docs: http://dev.apollodata.com/core/fragments.html#unique-names", source: https://commerce.adobe.com/store/_next/static/chunks/3022-1c893ac64c3c100c29fe.js (1)
[1114/170415.190:INFO:CONSOLE(1)] "Warning: fragment with name PaymentInstrument already exists.
graphql-tag enforces all fragment names across your application to be unique; read more about
this in the docs: http://dev.apollodata.com/core/fragments.html#unique-names", source: https://commerce.adobe.com/store/_next/static/chunks/3022-1c893ac64c3c100c29fe.js (1)
[1114/170415.223:INFO:CONSOLE(1)] "Workaround: Ignoring React strict-mode errors originating from spectrum v2 components. Components: Accordion, AccordionItem, Button, ButtonGroup, Card, CardBody, Dropdown, Overlay, OverlayTrigger, Portal, Provider, Search, Select, Selector, Slider, SwitchBase. Methods: findDOMNode.", source: https://commerce.adobe.com/store/_next/static/chunks/pages/_app-2cdd9497521efc1bdd1f.js (1)
[1114/170417.061:INFO:CONSOLE(2)] "walletOptionsCount 0", source: https://commerce.adobe.com/checkout/_nuxt/vendors.app.143d668.js (2)
[1114/170417.984:WARNING:used_ids.h(55)] Duplicate id found. Reassigning from 104 to 127
[1114/170417.984:WARNING:used_ids.h(55)] Duplicate id found. Reassigning from 102 to 125
[1114/170417.984:WARNING:used_ids.h(55)] Duplicate id found. Reassigning from 104 to 124
[1114/170417.984:WARNING:used_ids.h(55)] Duplicate id found. Reassigning from 106 to 123
[1114/170417.984:WARNING:used_ids.h(55)] Duplicate id found. Reassigning from 110 to 122
[1114/170417.984:WARNING:used_ids.h(55)] Duplicate id found. Reassigning from 103 to 121
[1114/170417.984:WARNING:used_ids.h(55)] Duplicate id found. Reassigning from 105 to 120
[1114/170417.984:WARNING:used_ids.h(55)] Duplicate id found. Reassigning from 111 to 119
[1114/170417.984:WARNING:used_ids.h(55)] Duplicate id found. Reassigning from 109 to 118
[1114/170418.120:WARNING:stun_port.cc(450)] Port[da0eef30:0:1:0:local:Net[any:0:0:0:x:x:x:x:x/0:Wildcard:id=0]]: StunPort: stun host lookup received error 0
[1114/170421.385:WARNING:used_ids.h(55)] Duplicate id found. Reassigning from 104 to 127
[1114/170421.385:WARNING:used_ids.h(55)] Duplicate id found. Reassigning from 102 to 125
[1114/170421.386:WARNING:used_ids.h(55)] Duplicate id found. Reassigning from 104 to 124
[1114/170421.386:WARNING:used_ids.h(55)] Duplicate id found. Reassigning from 106 to 123
[1114/170421.386:WARNING:used_ids.h(55)] Duplicate id found. Reassigning from 110 to 122
[1114/170421.386:WARNING:used_ids.h(55)] Duplicate id found. Reassigning from 103 to 121
[1114/170421.386:WARNING:used_ids.h(55)] Duplicate id found. Reassigning from 105 to 120
[1114/170421.386:WARNING:used_ids.h(55)] Duplicate id found. Reassigning from 111 to 119
[1114/170421.386:WARNING:used_ids.h(55)] Duplicate id found. Reassigning from 109 to 118
[1114/170421.538:ERROR:socket_manager.cc(128)] Failed to resolve address for eu-aa.online-metrix.net., errorcode: -106
[1114/170421.538:ERROR:socket_manager.cc(128)] Failed to resolve address for eu-aa.online-metrix.net., errorcode: -106
[1114/170421.539:WARNING:stun_port.cc(450)] Port[da0e7500:0:1:0:local:Net[any:0.0.0.x/0:Wildcard:id=0]]: StunPort: stun host lookup received error -1
[1114/170421.544:WARNING:stun_port.cc(450)] Port[da0edf40:0:1:0:local:Net[any:0:0:0:x:x:x:x:x/0:Wildcard:id=0]]: StunPort: stun host lookup received error -1
[1114/170421.568:ERROR:socket_manager.cc(128)] Failed to resolve address for eu-aa.online-metrix.net., errorcode: -106
[1114/170421.568:ERROR:socket_manager.cc(128)] Failed to resolve address for eu-aa.online-metrix.net., errorcode: -106
[1114/170421.568:ERROR:socket_manager.cc(128)] Failed to resolve address for eu-aa.online-metrix.net., errorcode: -106
[1114/170421.568:ERROR:socket_manager.cc(128)] Failed to resolve address for eu-aa.online-metrix.net., errorcode: -106
[1114/170421.569:WARNING:turn_port.cc(826)] Port[da51adb0:0:1:0:relay:Net[any:0.0.0.x/0:Wildcard:id=0]]: TURN host lookup received error -1
[1114/170421.569:WARNING:turn_port.cc(826)] Port[da51a620:0:1:0:relay:Net[any:0:0:0:x:x:x:x:x/0:Wildcard:id=0]]: TURN host lookup received error -1
[1114/170421.609:WARNING:dns_config_service_win.cc(692)] Failed to read DnsConfig.
[1114/170421.610:WARNING:dns_config_service_win.cc(692)] Failed to read DnsConfig.
[1114/170423.941:INFO:CONSOLE(94)] "Uncaught (in promise) Error: Could not load "util".", source: https://maps.googleapis.com/maps/api/js?libraries=places&key=AIzaSyDMpsaQdxiJnnvp8aLJLi8p11P1LgP2O74 (94)
[1114/170424.937:WARNING:dns_config_service_win.cc(692)] Failed to read DnsConfig.
[1114/170425.089:WARNING:dns_config_service_win.cc(692)] Failed to read DnsConfig.
[1114/170429.945:WARNING:dns_config_service_win.cc(692)] Failed to read DnsConfig.
[1114/170430.105:WARNING:dns_config_service_win.cc(692)] Failed to read DnsConfig.
[1114/170432.983:WARNING:dns_config_service_win.cc(692)] Failed to read DnsConfig.
[1114/170433.107:WARNING:dns_config_service_win.cc(692)] Failed to read DnsConfig.
[1114/170438.005:WARNING:dns_config_service_win.cc(692)] Failed to read DnsConfig.
[1114/170438.113:WARNING:dns_config_service_win.cc(692)] Failed to read DnsConfig.
[1114/170443.024:WARNING:dns_config_service_win.cc(692)] Failed to read DnsConfig.
[1114/170443.120:WARNING:dns_config_service_win.cc(692)] Failed to read DnsConfig.
[1114/170448.033:WARNING:dns_config_service_win.cc(692)] Failed to read DnsConfig.
[1114/170448.130:WARNING:dns_config_service_win.cc(692)] Failed to read DnsConfig.
[1114/170453.045:WARNING:dns_config_service_win.cc(692)] Failed to read DnsConfig.
[1114/170453.142:WARNING:dns_config_service_win.cc(692)] Failed to read DnsConfig.
[1114/170454.330:WARNING:dns_config_service_win.cc(692)] Failed to read DnsConfig.
[1114/170454.446:WARNING:dns_config_service_win.cc(692)] Failed to read DnsConfig.
[1114/170459.343:WARNING:dns_config_service_win.cc(692)] Failed to read DnsConfig.
[1114/170459.454:WARNING:dns_config_service_win.cc(692)] Failed to read DnsConfig.
[1114/170504.352:WARNING:dns_config_service_win.cc(692)] Failed to read DnsConfig.
[1114/170504.462:WARNING:dns_config_service_win.cc(692)] Failed to read DnsConfig.
[1114/170509.363:WARNING:dns_config_service_win.cc(692)] Failed to read DnsConfig.
[1114/170509.474:WARNING:dns_config_service_win.cc(692)] Failed to read DnsConfig.
[1114/170511.794:WARNING:gpu_process_host.cc(1274)] The GPU process has crashed 1 time(s)
[1114/170512.037:WARNING:gpu_process_host.cc(998)] Reinitialized the GPU process after a crash. The reported initialization time was 181 ms
[1114/170514.375:WARNING:dns_config_service_win.cc(692)] Failed to read DnsConfig.
[1114/170514.488:WARNING:dns_config_service_win.cc(692)] Failed to read DnsConfig.
[1114/170519.381:WARNING:dns_config_service_win.cc(692)] Failed to read DnsConfig.
[1114/170519.493:WARNING:dns_config_service_win.cc(692)] Failed to read DnsConfig.
[1114/170524.392:WARNING:dns_config_service_win.cc(692)] Failed to read DnsConfig.
[1114/170524.506:WARNING:dns_config_service_win.cc(692)] Failed to read DnsConfig.
[1114/170529.415:WARNING:dns_config_service_win.cc(692)] Failed to read DnsConfig.
[1114/170529.522:WARNING:dns_config_service_win.cc(692)] Failed to read DnsConfig.
